###############################################################
#  Generated by:      Cadence Innovus 20.10-p004_1
#  OS:                Linux x86_64(Host ID nc-csuaf4-l01.apporto.com)
#  Generated on:      Wed Apr  9 05:47:47 2025
#  Design:            MAC_512
#  Command:           checkDesign -all
###############################################################
Design: MAC_512

------ Design Summary:
Total Standard Cell Number   (cells) : 42574
Total Block Cell Number      (cells) : 0
Total I/O Pad Cell Number    (cells) : 0
Total Standard Cell Area     ( um^2) : 79225.97
Total Block Cell Area        ( um^2) : 0.00
Total I/O Pad Cell Area      ( um^2) : 0.00

------ Design Statistics:

Number of Instances            : 42574
Number of Non-uniquified Insts : 42573
Number of Nets                 : 50961
Average number of Pins per Net : 3.02
Maximum number of Pins in Net  : 101

------ I/O Port summary

Number of Primary I/O Ports    : 771
Number of Input Ports          : 259
Number of Output Ports         : 512
Number of Bidirectional Ports  : 0
Number of Power/Ground Ports   : 0



------------------------------------------------------------
Detail report:


------ I/O Pad/Port Checking


