###############################################################
#  Generated by:      Cadence Innovus 20.10-p004_1
#  OS:                Linux x86_64(Host ID nc-csuaf4-l01.apporto.com)
#  Generated on:      Mon Apr  7 03:19:03 2025
#  Design:            MAC_512
#  Command:           checkDesign -io -netlist -physicalLibrary -powerGround -tieHilo -timingLibrary -spef -floorplan -place -outdir checkDesign
###############################################################
Design: MAC_512

------ Design Summary:
Total Standard Cell Number   (cells) : 35428
Total Block Cell Number      (cells) : 0
Total I/O Pad Cell Number    (cells) : 0
Total Standard Cell Area     ( um^2) : 72731.85
Total Block Cell Area        ( um^2) : 0.00
Total I/O Pad Cell Area      ( um^2) : 0.00

------ Design Statistics:

Number of Instances            : 35428
Number of Non-uniquified Insts : 35426
Number of Nets                 : 43815
Average number of Pins per Net : 3.19
Maximum number of Pins in Net  : 769

------ I/O Port summary

Number of Primary I/O Ports    : 771
Number of Input Ports          : 259
Number of Output Ports         : 512
Number of Bidirectional Ports  : 0
Number of Power/Ground Ports   : 0



------------------------------------------------------------
Detail report:


------ I/O Pad/Port Checking


------ Primitive Pins DRC Checking


------ Primitive Net DRC Check

WARNING : Net n39169 has 60 fanout
WARNING : Net n39212 has 56 fanout
WARNING : Net n39216 has 62 fanout
WARNING : Net n39223 has 66 fanout
WARNING : Net n39289 has 65 fanout
WARNING : Net n2911 has 63 fanout
WARNING : Net n2912 has 63 fanout
WARNING : Net en has 768 fanout
WARNING : Net rst_n has 768 fanout
WARNING : Net clk has 768 fanout
WARNING : Net FE_OFN393609_n1209 has 65 fanout
WARNING : Net FE_OFN393618_A_reg_127 has 57 fanout
WARNING : Net FE_OFN393621_A_reg_125 has 57 fanout
WARNING : Net FE_OFN393624_A_reg_123 has 52 fanout
WARNING : Net FE_OFN393627_A_reg_121 has 55 fanout
WARNING : Net FE_OFN393631_A_reg_119 has 56 fanout
WARNING : Net FE_OFN393642_A_reg_113 has 53 fanout
WARNING : Net FE_OFN393760_A_reg_53 has 52 fanout
WARNING : Net FE_OFN393787_A_reg_39 has 51 fanout
WARNING : Net FE_OFN393810_A_reg_25 has 54 fanout
WARNING : Net FE_OFN393820_A_reg_19 has 51 fanout
WARNING : Net FE_OFN393831_A_reg_13 has 54 fanout
WARNING : Net FE_OFN393839_A_reg_9 has 60 fanout
WARNING : Net FE_OFN393840_A_reg_7 has 51 fanout
WARNING : Net FE_OFN393843_A_reg_5 has 60 fanout
WARNING : Net FE_OFN393849_A_reg_1 has 60 fanout
WARNING : Net FE_OFN394045_B_reg_47 has 58 fanout
WARNING : Net FE_OFN394117_B_reg_9 has 66 fanout
WARNING : Net FE_OFN394139_B_reg_0 has 71 fanout
WARNING : Net FE_OFN394141_B_reg_0 has 51 fanout
WARNING : Net FE_OFN394145_n39288 has 67 fanout
WARNING : Net FE_OFN394146_n39288 has 66 fanout
WARNING : Net FE_OFN394148_n39287 has 68 fanout
WARNING : Net FE_OFN394150_n39286 has 62 fanout
WARNING : Net FE_OFN394153_n39285 has 68 fanout
WARNING : Net FE_OFN394158_n39284 has 68 fanout
WARNING : Net FE_OFN394164_n39282 has 52 fanout
WARNING : Net FE_OFN394177_n39278 has 63 fanout
WARNING : Net FE_OFN394182_n39277 has 58 fanout
WARNING : Net FE_OFN394188_n39275 has 57 fanout
WARNING : Net FE_OFN394194_n39273 has 55 fanout
WARNING : Net FE_OFN394197_n39272 has 55 fanout
WARNING : Net FE_OFN394201_n392711 has 58 fanout
WARNING : Net FE_OFN394210_n39269 has 61 fanout
WARNING : Net FE_OFN394213_n39268 has 59 fanout
WARNING : Net FE_OFN394221_n39265 has 58 fanout
WARNING : Net FE_OFN394226_n39264 has 53 fanout
WARNING : Net FE_OFN394231_n39262 has 51 fanout
WARNING : Net FE_OFN394238_n39260 has 51 fanout
WARNING : Net FE_OFN394242_n39259 has 52 fanout
WARNING : Net FE_OFN394244_n39258 has 57 fanout
WARNING : Net FE_OFN394247_n39257 has 56 fanout
WARNING : Net FE_OFN394257_n39254 has 51 fanout
WARNING : Net FE_OFN394276_n39249 has 53 fanout
WARNING : Net FE_OFN394290_n39245 has 58 fanout
WARNING : Net FE_OFN394293_n39244 has 55 fanout
WARNING : Net FE_OFN394298_n39243 has 58 fanout
WARNING : Net FE_OFN394316_n39238 has 51 fanout
WARNING : Net FE_OFN394317_n39238 has 56 fanout
WARNING : Net FE_OFN394320_n39237 has 58 fanout
WARNING : Net FE_OFN394322_n39236 has 55 fanout
WARNING : Net FE_OFN394327_n39235 has 58 fanout
WARNING : Net FE_OFN394329_n39234 has 59 fanout
WARNING : Net FE_OFN394335_n39233 has 60 fanout
WARNING : Net FE_OFN394344_n39230 has 53 fanout
WARNING : Net FE_OFN394356_n39226 has 53 fanout
WARNING : Net FE_OFN394358_n39225 has 56 fanout
WARNING : Net FE_OFN394368_n39223 has 65 fanout
WARNING : Net FE_OFN394372_n392211 has 59 fanout
WARNING : Net FE_OFN394373_n392211 has 63 fanout
WARNING : Net FE_OFN394374_n39220 has 66 fanout
WARNING : Net FE_OFN394379_n39219 has 67 fanout
WARNING : Net FE_OFN394388_n39215 has 65 fanout
WARNING : Net FE_OFN394393_n39213 has 52 fanout
WARNING : Net FE_OFN394398_n392111 has 54 fanout
WARNING : Net FE_OFN394406_n39208 has 55 fanout
WARNING : Net FE_OFN394419_n39204 has 57 fanout
WARNING : Net FE_OFN394423_n39203 has 59 fanout
WARNING : Net FE_OFN394431_n39201 has 52 fanout
WARNING : Net FE_OFN394434_n39200 has 52 fanout
WARNING : Net FE_OFN394483_n39184 has 64 fanout
WARNING : Net FE_OFN394486_n39183 has 51 fanout
WARNING : Net FE_OFN394494_n39180 has 59 fanout
WARNING : Net FE_OFN394497_n39179 has 55 fanout
WARNING : Net FE_OFN394501_n39178 has 57 fanout
WARNING : Net FE_OFN394514_n39174 has 54 fanout
WARNING : Net FE_OFN394517_n39173 has 54 fanout
WARNING : Net FE_OFN394526_n39170 has 57 fanout
WARNING : Net FE_OFN394535_n39167 has 51 fanout
WARNING : Net FE_OFN394541_n39165 has 64 fanout
WARNING : Net FE_OFN394543_n39164 has 59 fanout
WARNING : Net FE_OFN394544_n39163 has 56 fanout
WARNING : Net FE_OFN394547_n39162 has 66 fanout
WARNING : Net FE_OFN394548_n391611 has 66 fanout
WARNING : Net FE_OFN394549_n391611 has 60 fanout
WARNING : Net FE_OFN394552_n3610 has 73 fanout
WARNING : Net FE_OFN394553_n20321 has 74 fanout
WARNING : Net FE_OFN394556_n20321 has 65 fanout
WARNING : Net FE_OFN394568_n38911 has 64 fanout
WARNING : Net FE_OFN394577_n20321 has 65 fanout

