###############################################################
#  Generated by:      Cadence Innovus 20.10-p004_1
#  OS:                Linux x86_64(Host ID nc-csuaf4-l01.apporto.com)
#  Generated on:      Thu Apr 24 00:50:39 2025
#  Design:            FPU_Main
#  Command:           checkDesign -all
###############################################################
Design: FPU_Main

------ Design Summary:
Total Standard Cell Number   (cells) : 45209
Total Block Cell Number      (cells) : 0
Total I/O Pad Cell Number    (cells) : 0
Total Standard Cell Area     ( um^2) : 90833.95
Total Block Cell Area        ( um^2) : 0.00
Total I/O Pad Cell Area      ( um^2) : 0.00

------ Design Statistics:

Number of Instances            : 45209
Number of Non-uniquified Insts : 45205
Number of Nets                 : 54857
Average number of Pins per Net : 3.45
Maximum number of Pins in Net  : 1717

------ I/O Port summary

Number of Primary I/O Ports    : 99
Number of Input Ports          : 67
Number of Output Ports         : 32
Number of Bidirectional Ports  : 0
Number of Power/Ground Ports   : 0



------------------------------------------------------------
Detail report:


------ I/O Pad/Port Checking


